27-07-2021:13:41:51 INFO     [snrfit.py:802] Parent directory /home/jaiden/Documents/EoR/SNRs
27-07-2021:13:41:51 INFO     [snrfit.py:808] Opened Green-167MHz-filtered-dec+30.fits fits file
27-07-2021:13:41:51 INFO     [snrfit.py:823] Number of SNRs = 73
27-07-2021:13:41:51 INFO     [snrfit.py:825] Performing Gaussian fit for each SNR.
27-07-2021:13:41:51 INFO     [snrfit.py:836] ++++++++++++++++++++++++++++++++++++++++++++++++++++++++++
27-07-2021:13:41:51 INFO     [snrfit.py:840] Iteration 0 for SNR9
27-07-2021:13:41:51 INFO     [snrfit.py:850] Image angular size = 0.933 [deg]
27-07-2021:13:41:51 INFO     [snrfit.py:860] Model path /home/jaiden/Documents/EoR/SNRs/models/SN9
27-07-2021:13:41:51 INFO     [snrfit.py:870] Model file SN9_model.fits already exists, moving on to the next SNR.
27-07-2021:13:41:51 INFO     [snrfit.py:836] ++++++++++++++++++++++++++++++++++++++++++++++++++++++++++
27-07-2021:13:41:51 INFO     [snrfit.py:840] Iteration 1 for SNR13
27-07-2021:13:41:51 INFO     [snrfit.py:850] Image angular size = 1.167 [deg]
27-07-2021:13:41:51 INFO     [snrfit.py:860] Model path /home/jaiden/Documents/EoR/SNRs/models/SN13
27-07-2021:13:41:51 INFO     [snrfit.py:870] Model file SN13_model.fits already exists, moving on to the next SNR.
27-07-2021:13:41:51 INFO     [snrfit.py:836] ++++++++++++++++++++++++++++++++++++++++++++++++++++++++++
27-07-2021:13:41:51 INFO     [snrfit.py:840] Iteration 2 for SNR17
27-07-2021:13:41:51 INFO     [snrfit.py:850] Image angular size = 1.000 [deg]
27-07-2021:13:41:51 INFO     [snrfit.py:860] Model path /home/jaiden/Documents/EoR/SNRs/models/SN17
27-07-2021:13:41:51 INFO     [snrfit.py:870] Model file SN17_model.fits already exists, moving on to the next SNR.
27-07-2021:13:41:51 INFO     [snrfit.py:836] ++++++++++++++++++++++++++++++++++++++++++++++++++++++++++
27-07-2021:13:41:51 INFO     [snrfit.py:840] Iteration 3 for SNR18
27-07-2021:13:41:51 INFO     [snrfit.py:850] Image angular size = 1.600 [deg]
27-07-2021:13:41:51 INFO     [snrfit.py:860] Model path /home/jaiden/Documents/EoR/SNRs/models/SN18
27-07-2021:13:41:51 INFO     [snrfit.py:870] Model file SN18_model.fits already exists, moving on to the next SNR.
27-07-2021:13:41:51 INFO     [snrfit.py:836] ++++++++++++++++++++++++++++++++++++++++++++++++++++++++++
27-07-2021:13:41:51 INFO     [snrfit.py:840] Iteration 4 for SNR19
27-07-2021:13:41:51 INFO     [snrfit.py:850] Image angular size = 1.033 [deg]
27-07-2021:13:41:51 INFO     [snrfit.py:860] Model path /home/jaiden/Documents/EoR/SNRs/models/SN19
27-07-2021:13:41:51 INFO     [snrfit.py:870] Model file SN19_model.fits already exists, moving on to the next SNR.
27-07-2021:13:41:51 INFO     [snrfit.py:836] ++++++++++++++++++++++++++++++++++++++++++++++++++++++++++
27-07-2021:13:41:51 INFO     [snrfit.py:840] Iteration 5 for SNR25
27-07-2021:13:41:51 INFO     [snrfit.py:850] Image angular size = 0.867 [deg]
27-07-2021:13:41:51 INFO     [snrfit.py:860] Model path /home/jaiden/Documents/EoR/SNRs/models/SN25
27-07-2021:13:41:51 INFO     [snrfit.py:870] Model file SN25_model.fits already exists, moving on to the next SNR.
27-07-2021:13:41:51 INFO     [snrfit.py:836] ++++++++++++++++++++++++++++++++++++++++++++++++++++++++++
27-07-2021:13:41:51 INFO     [snrfit.py:840] Iteration 6 for SNR26
27-07-2021:13:41:51 INFO     [snrfit.py:850] Image angular size = 1.500 [deg]
27-07-2021:13:41:51 INFO     [snrfit.py:860] Model path /home/jaiden/Documents/EoR/SNRs/models/SN26
27-07-2021:13:41:51 INFO     [snrfit.py:870] Model file SN26_model.fits already exists, moving on to the next SNR.
27-07-2021:13:41:51 INFO     [snrfit.py:836] ++++++++++++++++++++++++++++++++++++++++++++++++++++++++++
27-07-2021:13:41:51 INFO     [snrfit.py:840] Iteration 7 for SNR27
27-07-2021:13:41:51 INFO     [snrfit.py:850] Image angular size = 0.800 [deg]
27-07-2021:13:41:51 INFO     [snrfit.py:860] Model path /home/jaiden/Documents/EoR/SNRs/models/SN27
27-07-2021:13:41:51 INFO     [snrfit.py:870] Model file SN27_model.fits already exists, moving on to the next SNR.
27-07-2021:13:41:51 INFO     [snrfit.py:836] ++++++++++++++++++++++++++++++++++++++++++++++++++++++++++
27-07-2021:13:41:51 INFO     [snrfit.py:840] Iteration 8 for SNR48
27-07-2021:13:41:51 INFO     [snrfit.py:850] Image angular size = 1.000 [deg]
27-07-2021:13:41:51 INFO     [snrfit.py:860] Model path /home/jaiden/Documents/EoR/SNRs/models/SN48
27-07-2021:13:41:51 INFO     [snrfit.py:870] Model file SN48_model.fits already exists, moving on to the next SNR.
27-07-2021:13:41:51 INFO     [snrfit.py:836] ++++++++++++++++++++++++++++++++++++++++++++++++++++++++++
27-07-2021:13:41:51 INFO     [snrfit.py:840] Iteration 9 for SNR56
27-07-2021:13:41:51 INFO     [snrfit.py:850] Image angular size = 0.800 [deg]
27-07-2021:13:41:51 INFO     [snrfit.py:860] Model path /home/jaiden/Documents/EoR/SNRs/models/SN56
27-07-2021:13:41:51 INFO     [snrfit.py:870] Model file SN56_model.fits already exists, moving on to the next SNR.
27-07-2021:13:41:51 INFO     [snrfit.py:836] ++++++++++++++++++++++++++++++++++++++++++++++++++++++++++
27-07-2021:13:41:51 INFO     [snrfit.py:840] Iteration 10 for SNR58
27-07-2021:13:41:51 INFO     [snrfit.py:850] Image angular size = 0.800 [deg]
27-07-2021:13:41:51 INFO     [snrfit.py:860] Model path /home/jaiden/Documents/EoR/SNRs/models/SN58
27-07-2021:13:41:51 INFO     [snrfit.py:870] Model file SN58_model.fits already exists, moving on to the next SNR.
27-07-2021:13:41:51 INFO     [snrfit.py:836] ++++++++++++++++++++++++++++++++++++++++++++++++++++++++++
27-07-2021:13:41:51 INFO     [snrfit.py:840] Iteration 11 for SNR62
27-07-2021:13:41:51 INFO     [snrfit.py:850] Image angular size = 1.100 [deg]
27-07-2021:13:41:51 INFO     [snrfit.py:860] Model path /home/jaiden/Documents/EoR/SNRs/models/SN62
27-07-2021:13:41:51 INFO     [snrfit.py:870] Model file SN62_model.fits already exists, moving on to the next SNR.
27-07-2021:13:41:51 INFO     [snrfit.py:836] ++++++++++++++++++++++++++++++++++++++++++++++++++++++++++
27-07-2021:13:41:51 INFO     [snrfit.py:840] Iteration 12 for SNR63
27-07-2021:13:41:51 INFO     [snrfit.py:850] Image angular size = 0.900 [deg]
27-07-2021:13:41:51 INFO     [snrfit.py:860] Model path /home/jaiden/Documents/EoR/SNRs/models/SN63
27-07-2021:13:41:51 INFO     [snrfit.py:870] Model file SN63_model.fits already exists, moving on to the next SNR.
27-07-2021:13:41:51 INFO     [snrfit.py:836] ++++++++++++++++++++++++++++++++++++++++++++++++++++++++++
27-07-2021:13:41:51 INFO     [snrfit.py:840] Iteration 13 for SNR69
27-07-2021:13:41:51 INFO     [snrfit.py:850] Image angular size = 0.867 [deg]
27-07-2021:13:41:51 INFO     [snrfit.py:860] Model path /home/jaiden/Documents/EoR/SNRs/models/SN69
27-07-2021:13:41:51 INFO     [snrfit.py:870] Model file SN69_model.fits already exists, moving on to the next SNR.
27-07-2021:13:41:51 INFO     [snrfit.py:836] ++++++++++++++++++++++++++++++++++++++++++++++++++++++++++
27-07-2021:13:41:51 INFO     [snrfit.py:840] Iteration 14 for SNR70
27-07-2021:13:41:51 INFO     [snrfit.py:850] Image angular size = 0.900 [deg]
27-07-2021:13:41:51 INFO     [snrfit.py:860] Model path /home/jaiden/Documents/EoR/SNRs/models/SN70
27-07-2021:13:41:51 INFO     [snrfit.py:870] Model file SN70_model.fits already exists, moving on to the next SNR.
27-07-2021:13:41:51 INFO     [snrfit.py:836] ++++++++++++++++++++++++++++++++++++++++++++++++++++++++++
27-07-2021:13:41:51 INFO     [snrfit.py:840] Iteration 15 for SNR72
27-07-2021:13:41:51 INFO     [snrfit.py:850] Image angular size = 1.000 [deg]
27-07-2021:13:41:51 INFO     [snrfit.py:860] Model path /home/jaiden/Documents/EoR/SNRs/models/SN72
27-07-2021:13:41:51 INFO     [snrfit.py:870] Model file SN72_model.fits already exists, moving on to the next SNR.
27-07-2021:13:41:51 INFO     [snrfit.py:836] ++++++++++++++++++++++++++++++++++++++++++++++++++++++++++
27-07-2021:13:41:51 INFO     [snrfit.py:840] Iteration 16 for SNR73
27-07-2021:13:41:51 INFO     [snrfit.py:850] Image angular size = 2.667 [deg]
27-07-2021:13:41:51 INFO     [snrfit.py:860] Model path /home/jaiden/Documents/EoR/SNRs/models/SN73
27-07-2021:13:41:51 INFO     [snrfit.py:870] Model file SN73_model.fits already exists, moving on to the next SNR.
27-07-2021:13:41:51 INFO     [snrfit.py:836] ++++++++++++++++++++++++++++++++++++++++++++++++++++++++++
27-07-2021:13:41:51 INFO     [snrfit.py:840] Iteration 17 for SNR75
27-07-2021:13:41:51 INFO     [snrfit.py:850] Image angular size = 1.667 [deg]
27-07-2021:13:41:51 INFO     [snrfit.py:860] Model path /home/jaiden/Documents/EoR/SNRs/models/SN75
27-07-2021:13:41:51 INFO     [snrfit.py:870] Model file SN75_model.fits already exists, moving on to the next SNR.
27-07-2021:13:41:51 INFO     [snrfit.py:836] ++++++++++++++++++++++++++++++++++++++++++++++++++++++++++
27-07-2021:13:41:51 INFO     [snrfit.py:840] Iteration 18 for SNR81
27-07-2021:13:41:51 INFO     [snrfit.py:850] Image angular size = 0.800 [deg]
27-07-2021:13:41:51 INFO     [snrfit.py:860] Model path /home/jaiden/Documents/EoR/SNRs/models/SN81
27-07-2021:13:41:51 INFO     [snrfit.py:870] Model file SN81_model.fits already exists, moving on to the next SNR.
27-07-2021:13:41:51 INFO     [snrfit.py:836] ++++++++++++++++++++++++++++++++++++++++++++++++++++++++++
27-07-2021:13:41:51 INFO     [snrfit.py:840] Iteration 19 for SNR84
27-07-2021:13:41:51 INFO     [snrfit.py:850] Image angular size = 2.000 [deg]
27-07-2021:13:41:51 INFO     [snrfit.py:860] Model path /home/jaiden/Documents/EoR/SNRs/models/SN84
27-07-2021:13:41:51 INFO     [snrfit.py:870] Model file SN84_model.fits already exists, moving on to the next SNR.
27-07-2021:13:41:51 INFO     [snrfit.py:836] ++++++++++++++++++++++++++++++++++++++++++++++++++++++++++
27-07-2021:13:41:51 INFO     [snrfit.py:840] Iteration 20 for SNR90
27-07-2021:13:41:51 INFO     [snrfit.py:850] Image angular size = 1.167 [deg]
27-07-2021:13:41:51 INFO     [snrfit.py:860] Model path /home/jaiden/Documents/EoR/SNRs/models/SN90
27-07-2021:13:41:51 INFO     [snrfit.py:870] Model file SN90_model.fits already exists, moving on to the next SNR.
27-07-2021:13:41:51 INFO     [snrfit.py:836] ++++++++++++++++++++++++++++++++++++++++++++++++++++++++++
27-07-2021:13:41:51 INFO     [snrfit.py:840] Iteration 21 for SNR92
27-07-2021:13:41:51 INFO     [snrfit.py:850] Image angular size = 0.833 [deg]
27-07-2021:13:41:51 INFO     [snrfit.py:860] Model path /home/jaiden/Documents/EoR/SNRs/models/SN92
27-07-2021:13:41:51 INFO     [snrfit.py:870] Model file SN92_model.fits already exists, moving on to the next SNR.
27-07-2021:13:41:51 INFO     [snrfit.py:836] ++++++++++++++++++++++++++++++++++++++++++++++++++++++++++
27-07-2021:13:41:51 INFO     [snrfit.py:840] Iteration 22 for SNR96
27-07-2021:13:41:51 INFO     [snrfit.py:850] Image angular size = 4.000 [deg]
27-07-2021:13:41:51 INFO     [snrfit.py:860] Model path /home/jaiden/Documents/EoR/SNRs/models/SN96
27-07-2021:13:41:51 INFO     [snrfit.py:870] Model file SN96_model.fits already exists, moving on to the next SNR.
27-07-2021:13:41:51 INFO     [snrfit.py:836] ++++++++++++++++++++++++++++++++++++++++++++++++++++++++++
27-07-2021:13:41:51 INFO     [snrfit.py:840] Iteration 23 for SNR101
27-07-2021:13:41:51 INFO     [snrfit.py:850] Image angular size = 0.800 [deg]
27-07-2021:13:41:51 INFO     [snrfit.py:860] Model path /home/jaiden/Documents/EoR/SNRs/models/SN101
27-07-2021:13:41:51 INFO     [snrfit.py:870] Model file SN101_model.fits already exists, moving on to the next SNR.
27-07-2021:13:41:51 INFO     [snrfit.py:836] ++++++++++++++++++++++++++++++++++++++++++++++++++++++++++
27-07-2021:13:41:51 INFO     [snrfit.py:840] Iteration 24 for SNR103
27-07-2021:13:41:51 INFO     [snrfit.py:850] Image angular size = 2.000 [deg]
27-07-2021:13:41:51 INFO     [snrfit.py:860] Model path /home/jaiden/Documents/EoR/SNRs/models/SN103
27-07-2021:13:41:51 INFO     [snrfit.py:870] Model file SN103_model.fits already exists, moving on to the next SNR.
27-07-2021:13:41:51 INFO     [snrfit.py:836] ++++++++++++++++++++++++++++++++++++++++++++++++++++++++++
27-07-2021:13:41:51 INFO     [snrfit.py:840] Iteration 25 for SNR106
27-07-2021:13:41:51 INFO     [snrfit.py:850] Image angular size = 1.000 [deg]
27-07-2021:13:41:51 INFO     [snrfit.py:860] Model path /home/jaiden/Documents/EoR/SNRs/models/SN106
27-07-2021:13:41:51 INFO     [snrfit.py:870] Model file SN106_model.fits already exists, moving on to the next SNR.
27-07-2021:13:41:51 INFO     [snrfit.py:836] ++++++++++++++++++++++++++++++++++++++++++++++++++++++++++
27-07-2021:13:41:51 INFO     [snrfit.py:840] Iteration 26 for SNR108
27-07-2021:13:41:51 INFO     [snrfit.py:850] Image angular size = 1.100 [deg]
27-07-2021:13:41:51 INFO     [snrfit.py:860] Model path /home/jaiden/Documents/EoR/SNRs/models/SN108
27-07-2021:13:41:51 INFO     [snrfit.py:870] Model file SN108_model.fits already exists, moving on to the next SNR.
27-07-2021:13:41:51 INFO     [snrfit.py:836] ++++++++++++++++++++++++++++++++++++++++++++++++++++++++++
27-07-2021:13:41:51 INFO     [snrfit.py:840] Iteration 27 for SNR110
27-07-2021:13:41:51 INFO     [snrfit.py:850] Image angular size = 1.333 [deg]
27-07-2021:13:41:51 INFO     [snrfit.py:860] Model path /home/jaiden/Documents/EoR/SNRs/models/SN110
27-07-2021:13:41:51 INFO     [snrfit.py:870] Model file SN110_model.fits already exists, moving on to the next SNR.
27-07-2021:13:41:51 INFO     [snrfit.py:836] ++++++++++++++++++++++++++++++++++++++++++++++++++++++++++
27-07-2021:13:41:51 INFO     [snrfit.py:840] Iteration 28 for SNR112
27-07-2021:13:41:51 INFO     [snrfit.py:850] Image angular size = 0.767 [deg]
27-07-2021:13:41:51 INFO     [snrfit.py:860] Model path /home/jaiden/Documents/EoR/SNRs/models/SN112
27-07-2021:13:41:51 INFO     [snrfit.py:870] Model file SN112_model.fits already exists, moving on to the next SNR.
27-07-2021:13:41:51 INFO     [snrfit.py:836] ++++++++++++++++++++++++++++++++++++++++++++++++++++++++++
27-07-2021:13:41:51 INFO     [snrfit.py:840] Iteration 29 for SNR117
27-07-2021:13:41:51 INFO     [snrfit.py:850] Image angular size = 3.000 [deg]
27-07-2021:13:41:51 INFO     [snrfit.py:860] Model path /home/jaiden/Documents/EoR/SNRs/models/SN117
27-07-2021:13:41:51 INFO     [snrfit.py:870] Model file SN117_model.fits already exists, moving on to the next SNR.
27-07-2021:13:41:51 INFO     [snrfit.py:836] ++++++++++++++++++++++++++++++++++++++++++++++++++++++++++
27-07-2021:13:41:51 INFO     [snrfit.py:840] Iteration 30 for SNR163
27-07-2021:13:41:51 INFO     [snrfit.py:850] Image angular size = 2.400 [deg]
27-07-2021:13:41:51 INFO     [snrfit.py:860] Model path /home/jaiden/Documents/EoR/SNRs/models/SN163
27-07-2021:13:41:51 INFO     [snrfit.py:870] Model file SN163_model.fits already exists, moving on to the next SNR.
27-07-2021:13:41:51 INFO     [snrfit.py:836] ++++++++++++++++++++++++++++++++++++++++++++++++++++++++++
27-07-2021:13:41:51 INFO     [snrfit.py:840] Iteration 31 for SNR165
27-07-2021:13:41:51 INFO     [snrfit.py:850] Image angular size = 6.000 [deg]
27-07-2021:13:41:51 INFO     [snrfit.py:860] Model path /home/jaiden/Documents/EoR/SNRs/models/SN165
27-07-2021:13:41:51 INFO     [snrfit.py:870] Model file SN165_model.fits already exists, moving on to the next SNR.
27-07-2021:13:41:51 INFO     [snrfit.py:836] ++++++++++++++++++++++++++++++++++++++++++++++++++++++++++
27-07-2021:13:41:51 INFO     [snrfit.py:840] Iteration 32 for SNR167
27-07-2021:13:41:51 INFO     [snrfit.py:850] Image angular size = 1.667 [deg]
27-07-2021:13:41:51 INFO     [snrfit.py:860] Model path /home/jaiden/Documents/EoR/SNRs/models/SN167
27-07-2021:13:41:51 INFO     [snrfit.py:870] Model file SN167_model.fits already exists, moving on to the next SNR.
27-07-2021:13:41:51 INFO     [snrfit.py:836] ++++++++++++++++++++++++++++++++++++++++++++++++++++++++++
27-07-2021:13:41:51 INFO     [snrfit.py:840] Iteration 33 for SNR169
27-07-2021:13:41:51 INFO     [snrfit.py:850] Image angular size = 1.500 [deg]
27-07-2021:13:41:51 INFO     [snrfit.py:860] Model path /home/jaiden/Documents/EoR/SNRs/models/SN169
27-07-2021:13:41:51 INFO     [snrfit.py:870] Model file SN169_model.fits already exists, moving on to the next SNR.
27-07-2021:13:41:51 INFO     [snrfit.py:836] ++++++++++++++++++++++++++++++++++++++++++++++++++++++++++
27-07-2021:13:41:51 INFO     [snrfit.py:840] Iteration 34 for SNR170
27-07-2021:13:41:51 INFO     [snrfit.py:850] Image angular size = 2.333 [deg]
27-07-2021:13:41:51 INFO     [snrfit.py:860] Model path /home/jaiden/Documents/EoR/SNRs/models/SN170
27-07-2021:13:41:51 INFO     [snrfit.py:870] Model file SN170_model.fits already exists, moving on to the next SNR.
27-07-2021:13:41:51 INFO     [snrfit.py:836] ++++++++++++++++++++++++++++++++++++++++++++++++++++++++++
27-07-2021:13:41:51 INFO     [snrfit.py:840] Iteration 35 for SNR171
27-07-2021:13:41:51 INFO     [snrfit.py:850] Image angular size = 7.333 [deg]
27-07-2021:13:41:51 INFO     [snrfit.py:860] Model path /home/jaiden/Documents/EoR/SNRs/models/SN171
27-07-2021:13:41:51 INFO     [snrfit.py:870] Model file SN171_model.fits already exists, moving on to the next SNR.
27-07-2021:13:41:51 INFO     [snrfit.py:836] ++++++++++++++++++++++++++++++++++++++++++++++++++++++++++
27-07-2021:13:41:51 INFO     [snrfit.py:840] Iteration 36 for SNR172
27-07-2021:13:41:51 INFO     [snrfit.py:850] Image angular size = 2.000 [deg]
27-07-2021:13:41:51 INFO     [snrfit.py:860] Model path /home/jaiden/Documents/EoR/SNRs/models/SN172
27-07-2021:13:41:51 INFO     [snrfit.py:870] Model file SN172_model.fits already exists, moving on to the next SNR.
27-07-2021:13:41:51 INFO     [snrfit.py:836] ++++++++++++++++++++++++++++++++++++++++++++++++++++++++++
27-07-2021:13:41:51 INFO     [snrfit.py:840] Iteration 37 for SNR173
27-07-2021:13:41:51 INFO     [snrfit.py:850] Image angular size = 5.333 [deg]
27-07-2021:13:41:51 INFO     [snrfit.py:860] Model path /home/jaiden/Documents/EoR/SNRs/models/SN173
27-07-2021:13:41:51 INFO     [snrfit.py:870] Model file SN173_model.fits already exists, moving on to the next SNR.
27-07-2021:13:41:51 INFO     [snrfit.py:836] ++++++++++++++++++++++++++++++++++++++++++++++++++++++++++
27-07-2021:13:41:51 INFO     [snrfit.py:840] Iteration 38 for SNR174
27-07-2021:13:41:51 INFO     [snrfit.py:850] Image angular size = 2.000 [deg]
27-07-2021:13:41:51 INFO     [snrfit.py:860] Model path /home/jaiden/Documents/EoR/SNRs/models/SN174
27-07-2021:13:41:51 INFO     [snrfit.py:882] Directory already exists.
27-07-2021:13:41:55 INFO     [snrfit.py:889] SNR RA = 125.542 [deg], DEC = -43.000 [deg]
27-07-2021:13:41:55 INFO     [snrfit.py:890] SNR Major axis = 60.000 [min], Minor axis = 50.000 [min]
27-07-2021:13:41:55 INFO     [snrfit.py:891] Downloaded SNR174_170-231MHz.fits from GLEAM VO server.
27-07-2021:13:41:55 INFO     [snrfit.py:895] Changed directory to /home/jaiden/Documents/EoR/SNRs/models/SN174
27-07-2021:13:41:55 INFO     [snrfit.py:900] Opened image hdu.
27-07-2021:13:41:55 INFO     [snrfit.py:907] Image shape (261,261)
27-07-2021:13:41:55 WARNING  [logger.py:174] /home/jaiden/.local/lib/python3.8/site-packages/ipykernel/iostream.py:9: DeprecationWarning: the imp module is deprecated in favour of importlib; see the module's documentation for alternative uses
  from imp import lock_held as import_lock_held

27-07-2021:13:41:55 WARNING  [logger.py:204] FITSFixedWarning: 'datfix' made the change 'Invalid parameter values: MJD-OBS and DATE-OBS are inconsistent'.
27-07-2021:13:41:55 INFO     [snrfit.py:911] Determining the celestial world coordinate system using Astropy WCS.wcs.
27-07-2021:13:41:55 INFO     [snrfit.py:917] Created a pixel grid for fitting purposes.
27-07-2021:13:41:55 WARNING  [logger.py:174] /home/jaiden/.local/lib/python3.8/site-packages/matplotlib/backends/backend_gtk3.py:179: DeprecationWarning: Gtk.Widget.set_double_buffered is deprecated
  self.set_double_buffered(True)

27-07-2021:13:41:55 WARNING  [logger.py:174] /home/jaiden/.local/lib/python3.8/site-packages/matplotlib/backends/backend_gtk3.py:375: DeprecationWarning: Gtk.Window.set_wmclass is deprecated
  self.window.set_wmclass("matplotlib", "Matplotlib")

27-07-2021:13:41:55 WARNING  [logger.py:174] /home/jaiden/.local/lib/python3.8/site-packages/matplotlib/backends/backend_gtk3.py:402: DeprecationWarning: Gtk.Widget.size_request is deprecated
  size_request = child.size_request()

27-07-2021:13:41:55 INFO     [snrfit.py:921] Plotting the original image. Saved to SNR174_200MHz.png
27-07-2021:13:41:55 INFO     [snrfit.py:925] Image pixel scale = 0.008 [deg]
27-07-2021:13:41:55 INFO     [snrfit.py:930] Image RA, DEC center = (125.542, -43.000)
27-07-2021:13:41:55 INFO     [snrfit.py:934] Image pixel center = (130.66666666667, 130.66666666667)
27-07-2021:13:41:55 INFO     [snrfit.py:938] Determined the RA and DEC for the entire pixel grid.
27-07-2021:13:41:55 INFO     [snrfit.py:942] Calculated the angular distance from each pixel to the image centre.
27-07-2021:13:41:55 INFO     [snrfit.py:946] Created masked array for all pixels further than the Major axis of the SNR.
27-07-2021:13:41:55 INFO     [snrfit.py:950] Calculated the image background = -0.0247, and rms = 0.022
27-07-2021:13:41:55 INFO     [snrfit.py:955] Extracted the image psf from the header (a,b) = (2.233,2.140) [min]
27-07-2021:13:41:55 INFO     [snrfit.py:977] Set all pixels in mask to have nan values.
27-07-2021:13:41:55 INFO     [snrfit.py:986] Minimum number of peaks 9
27-07-2021:13:41:55 INFO     [snrfit.py:993] Maximum number of peaks 37
27-07-2021:13:41:55 INFO     [snrfit.py:999] Mean number of peaks 32
27-07-2021:13:41:55 INFO     [snrfit.py:1003] Performing peak detection with 0.05 threshold.
27-07-2021:13:41:55 INFO     [snrfit.py:1007] Detected an initial 47 peaks.
27-07-2021:13:41:55 INFO     [snrfit.py:1067] N_peaks exceeds maxmimum.
27-07-2021:13:41:55 INFO     [snrfit.py:1073] Calculated the signal to noise for ratio for each peak.
27-07-2021:13:41:55 INFO     [snrfit.py:1077] Sorted the peaks by signal to noise ratio.
27-07-2021:13:41:55 INFO     [snrfit.py:1094] Thresholded for the brightest number of peaks.
27-07-2021:13:41:55 INFO     [snrfit.py:1106] Number of peaks detected = 41
27-07-2021:13:41:56 INFO     [snrfit.py:1109] Created peak plot image SNR174_200MHz_peak-plot.png
27-07-2021:13:41:56 INFO     [snrfit.py:1114] Subsetted image, and pixel arrays for points outside the masked region.
27-07-2021:13:41:56 INFO     [snrfit.py:1119] Ncomponent Gaussian fit selected.
27-07-2021:13:46:34 INFO     [snrfit.py:1128] N-Gaussian fit time = 278.769 [s]
27-07-2021:13:46:34 INFO     [snrfit.py:1134] Calculated NGaussian model image.
27-07-2021:13:46:34 INFO     [snrfit.py:1138] Calculated NGaussian model residuals.
27-07-2021:13:46:35 INFO     [snrfit.py:1142] Created plot of the original image, the model image, and the residual image SNR174_200MHz_N41-model.png
27-07-2021:13:46:35 INFO     [snrfit.py:1149] Fit single Gaussian source.
27-07-2021:13:46:35 INFO     [snrfit.py:1154] Calculated single Gaussian model image.
27-07-2021:13:46:35 INFO     [snrfit.py:1158] Calculated singel Gaussian model residuals.
27-07-2021:13:46:35 INFO     [snrfit.py:1162] Created plot of the original image, the model image, and the residual image SNR174_200MHz_single-model.png
27-07-2021:13:46:35 INFO     [snrfit.py:1168] Calculated the residuals for the Ncomponent and single model.
27-07-2021:13:46:35 INFO     [snrfit.py:1172] Created histogram plot of the model residuals SNR174_200MHz_res-hist.png
27-07-2021:13:46:35 INFO     [snrfit.py:1183] Performed model selection, number of components = 41
27-07-2021:13:46:35 INFO     [snrfit.py:1187] Created table object.
27-07-2021:13:46:35 INFO     [snrfit.py:1203] Calculated the total 200MHz flux density.
27-07-2021:13:46:35 INFO     [snrfit.py:1204] Stot = 263.598 +- 1.629 [Jy]
27-07-2021:13:46:35 INFO     [snrfit.py:1210] Wrote model fits table to SN174_test.fits
27-07-2021:13:46:35 INFO     [snrfit.py:836] ++++++++++++++++++++++++++++++++++++++++++++++++++++++++++
27-07-2021:13:46:35 INFO     [snrfit.py:840] Iteration 39 for SNR175
27-07-2021:13:46:35 INFO     [snrfit.py:850] Image angular size = 1.333 [deg]
27-07-2021:13:46:35 INFO     [snrfit.py:860] Model path /home/jaiden/Documents/EoR/SNRs/models/SN175
27-07-2021:13:46:35 INFO     [snrfit.py:870] Model file SN175_model.fits already exists, moving on to the next SNR.
27-07-2021:13:46:35 INFO     [snrfit.py:836] ++++++++++++++++++++++++++++++++++++++++++++++++++++++++++
27-07-2021:13:46:35 INFO     [snrfit.py:840] Iteration 40 for SNR176
27-07-2021:13:46:35 INFO     [snrfit.py:850] Image angular size = 8.500 [deg]
27-07-2021:13:46:35 INFO     [snrfit.py:860] Model path /home/jaiden/Documents/EoR/SNRs/models/SN176
27-07-2021:13:46:35 INFO     [snrfit.py:870] Model file SN176_model.fits already exists, moving on to the next SNR.
27-07-2021:13:46:35 INFO     [snrfit.py:836] ++++++++++++++++++++++++++++++++++++++++++++++++++++++++++
27-07-2021:13:46:35 INFO     [snrfit.py:840] Iteration 41 for SNR177
27-07-2021:13:46:35 INFO     [snrfit.py:850] Image angular size = 4.000 [deg]
27-07-2021:13:46:35 INFO     [snrfit.py:860] Model path /home/jaiden/Documents/EoR/SNRs/models/SN177
27-07-2021:13:46:35 INFO     [snrfit.py:870] Model file SN177_model.fits already exists, moving on to the next SNR.
27-07-2021:13:46:35 INFO     [snrfit.py:836] ++++++++++++++++++++++++++++++++++++++++++++++++++++++++++
27-07-2021:13:46:35 INFO     [snrfit.py:840] Iteration 42 for SNR179
27-07-2021:13:46:35 INFO     [snrfit.py:850] Image angular size = 3.167 [deg]
27-07-2021:13:46:35 INFO     [snrfit.py:860] Model path /home/jaiden/Documents/EoR/SNRs/models/SN179
27-07-2021:13:46:35 INFO     [snrfit.py:870] Model file SN179_model.fits already exists, moving on to the next SNR.
27-07-2021:13:46:35 INFO     [snrfit.py:836] ++++++++++++++++++++++++++++++++++++++++++++++++++++++++++
27-07-2021:13:46:35 INFO     [snrfit.py:840] Iteration 43 for SNR180
27-07-2021:13:46:35 INFO     [snrfit.py:850] Image angular size = 0.800 [deg]
27-07-2021:13:46:35 INFO     [snrfit.py:860] Model path /home/jaiden/Documents/EoR/SNRs/models/SN180
27-07-2021:13:46:35 INFO     [snrfit.py:870] Model file SN180_model.fits already exists, moving on to the next SNR.
27-07-2021:13:46:35 INFO     [snrfit.py:836] ++++++++++++++++++++++++++++++++++++++++++++++++++++++++++
27-07-2021:13:46:35 INFO     [snrfit.py:840] Iteration 44 for SNR181
27-07-2021:13:46:35 INFO     [snrfit.py:850] Image angular size = 0.867 [deg]
27-07-2021:13:46:35 INFO     [snrfit.py:860] Model path /home/jaiden/Documents/EoR/SNRs/models/SN181
27-07-2021:13:46:35 INFO     [snrfit.py:870] Model file SN181_model.fits already exists, moving on to the next SNR.
27-07-2021:13:46:35 INFO     [snrfit.py:836] ++++++++++++++++++++++++++++++++++++++++++++++++++++++++++
27-07-2021:13:46:35 INFO     [snrfit.py:840] Iteration 45 for SNR189
27-07-2021:13:46:35 INFO     [snrfit.py:850] Image angular size = 1.233 [deg]
27-07-2021:13:46:35 INFO     [snrfit.py:860] Model path /home/jaiden/Documents/EoR/SNRs/models/SN189
27-07-2021:13:46:35 INFO     [snrfit.py:870] Model file SN189_model.fits already exists, moving on to the next SNR.
27-07-2021:13:46:35 INFO     [snrfit.py:836] ++++++++++++++++++++++++++++++++++++++++++++++++++++++++++
27-07-2021:13:46:35 INFO     [snrfit.py:840] Iteration 46 for SNR190
27-07-2021:13:46:35 INFO     [snrfit.py:850] Image angular size = 3.000 [deg]
27-07-2021:13:46:35 INFO     [snrfit.py:860] Model path /home/jaiden/Documents/EoR/SNRs/models/SN190
27-07-2021:13:46:35 INFO     [snrfit.py:870] Model file SN190_model.fits already exists, moving on to the next SNR.
27-07-2021:13:46:35 INFO     [snrfit.py:836] ++++++++++++++++++++++++++++++++++++++++++++++++++++++++++
27-07-2021:13:46:35 INFO     [snrfit.py:840] Iteration 47 for SNR197
27-07-2021:13:46:35 INFO     [snrfit.py:850] Image angular size = 1.233 [deg]
27-07-2021:13:46:35 INFO     [snrfit.py:860] Model path /home/jaiden/Documents/EoR/SNRs/models/SN197
27-07-2021:13:46:35 INFO     [snrfit.py:870] Model file SN197_model.fits already exists, moving on to the next SNR.
27-07-2021:13:46:35 INFO     [snrfit.py:836] ++++++++++++++++++++++++++++++++++++++++++++++++++++++++++
27-07-2021:13:46:35 INFO     [snrfit.py:840] Iteration 48 for SNR203
27-07-2021:13:46:35 INFO     [snrfit.py:850] Image angular size = 1.000 [deg]
27-07-2021:13:46:35 INFO     [snrfit.py:860] Model path /home/jaiden/Documents/EoR/SNRs/models/SN203
27-07-2021:13:46:35 INFO     [snrfit.py:870] Model file SN203_model.fits already exists, moving on to the next SNR.
27-07-2021:13:46:35 INFO     [snrfit.py:836] ++++++++++++++++++++++++++++++++++++++++++++++++++++++++++
27-07-2021:13:46:35 INFO     [snrfit.py:840] Iteration 49 for SNR205
27-07-2021:13:46:35 INFO     [snrfit.py:850] Image angular size = 0.833 [deg]
27-07-2021:13:46:35 INFO     [snrfit.py:860] Model path /home/jaiden/Documents/EoR/SNRs/models/SN205
27-07-2021:13:46:35 INFO     [snrfit.py:870] Model file SN205_model.fits already exists, moving on to the next SNR.
27-07-2021:13:46:35 INFO     [snrfit.py:836] ++++++++++++++++++++++++++++++++++++++++++++++++++++++++++
27-07-2021:13:46:35 INFO     [snrfit.py:840] Iteration 50 for SNR210
27-07-2021:13:46:35 INFO     [snrfit.py:850] Image angular size = 1.267 [deg]
27-07-2021:13:46:35 INFO     [snrfit.py:860] Model path /home/jaiden/Documents/EoR/SNRs/models/SN210
27-07-2021:13:46:35 INFO     [snrfit.py:870] Model file SN210_model.fits already exists, moving on to the next SNR.
27-07-2021:13:46:35 INFO     [snrfit.py:836] ++++++++++++++++++++++++++++++++++++++++++++++++++++++++++
27-07-2021:13:46:35 INFO     [snrfit.py:840] Iteration 51 for SNR213
27-07-2021:13:46:35 INFO     [snrfit.py:850] Image angular size = 1.400 [deg]
27-07-2021:13:46:35 INFO     [snrfit.py:860] Model path /home/jaiden/Documents/EoR/SNRs/models/SN213
27-07-2021:13:46:35 INFO     [snrfit.py:870] Model file SN213_model.fits already exists, moving on to the next SNR.
27-07-2021:13:46:35 INFO     [snrfit.py:836] ++++++++++++++++++++++++++++++++++++++++++++++++++++++++++
27-07-2021:13:46:35 INFO     [snrfit.py:840] Iteration 52 for SNR214
27-07-2021:13:46:35 INFO     [snrfit.py:850] Image angular size = 0.800 [deg]
27-07-2021:13:46:35 INFO     [snrfit.py:860] Model path /home/jaiden/Documents/EoR/SNRs/models/SN214
27-07-2021:13:46:35 INFO     [snrfit.py:870] Model file SN214_model.fits already exists, moving on to the next SNR.
27-07-2021:13:46:35 INFO     [snrfit.py:836] ++++++++++++++++++++++++++++++++++++++++++++++++++++++++++
27-07-2021:13:46:35 INFO     [snrfit.py:840] Iteration 53 for SNR215
27-07-2021:13:46:35 INFO     [snrfit.py:850] Image angular size = 0.833 [deg]
27-07-2021:13:46:35 INFO     [snrfit.py:860] Model path /home/jaiden/Documents/EoR/SNRs/models/SN215
27-07-2021:13:46:35 INFO     [snrfit.py:870] Model file SN215_model.fits already exists, moving on to the next SNR.
27-07-2021:13:46:35 INFO     [snrfit.py:836] ++++++++++++++++++++++++++++++++++++++++++++++++++++++++++
27-07-2021:13:46:35 INFO     [snrfit.py:840] Iteration 54 for SNR216
27-07-2021:13:46:35 INFO     [snrfit.py:850] Image angular size = 0.967 [deg]
27-07-2021:13:46:35 INFO     [snrfit.py:860] Model path /home/jaiden/Documents/EoR/SNRs/models/SN216
27-07-2021:13:46:35 INFO     [snrfit.py:870] Model file SN216_model.fits already exists, moving on to the next SNR.
27-07-2021:13:46:35 INFO     [snrfit.py:836] ++++++++++++++++++++++++++++++++++++++++++++++++++++++++++
27-07-2021:13:46:35 INFO     [snrfit.py:840] Iteration 55 for SNR219
27-07-2021:13:46:35 INFO     [snrfit.py:850] Image angular size = 1.000 [deg]
27-07-2021:13:46:35 INFO     [snrfit.py:860] Model path /home/jaiden/Documents/EoR/SNRs/models/SN219
27-07-2021:13:46:35 INFO     [snrfit.py:870] Model file SN219_model.fits already exists, moving on to the next SNR.
27-07-2021:13:46:35 INFO     [snrfit.py:836] ++++++++++++++++++++++++++++++++++++++++++++++++++++++++++
27-07-2021:13:46:35 INFO     [snrfit.py:840] Iteration 56 for SNR220
27-07-2021:13:46:35 INFO     [snrfit.py:850] Image angular size = 1.167 [deg]
27-07-2021:13:46:35 INFO     [snrfit.py:860] Model path /home/jaiden/Documents/EoR/SNRs/models/SN220
27-07-2021:13:46:35 INFO     [snrfit.py:870] Model file SN220_model.fits already exists, moving on to the next SNR.
27-07-2021:13:46:35 INFO     [snrfit.py:836] ++++++++++++++++++++++++++++++++++++++++++++++++++++++++++
27-07-2021:13:46:35 INFO     [snrfit.py:840] Iteration 57 for SNR223
27-07-2021:13:46:35 INFO     [snrfit.py:850] Image angular size = 1.033 [deg]
27-07-2021:13:46:35 INFO     [snrfit.py:860] Model path /home/jaiden/Documents/EoR/SNRs/models/SN223
27-07-2021:13:46:35 INFO     [snrfit.py:870] Model file SN223_model.fits already exists, moving on to the next SNR.
27-07-2021:13:46:35 INFO     [snrfit.py:836] ++++++++++++++++++++++++++++++++++++++++++++++++++++++++++
27-07-2021:13:46:35 INFO     [snrfit.py:840] Iteration 58 for SNR228
27-07-2021:13:46:35 INFO     [snrfit.py:850] Image angular size = 1.267 [deg]
27-07-2021:13:46:35 INFO     [snrfit.py:860] Model path /home/jaiden/Documents/EoR/SNRs/models/SN228
27-07-2021:13:46:35 INFO     [snrfit.py:870] Model file SN228_model.fits already exists, moving on to the next SNR.
27-07-2021:13:46:35 INFO     [snrfit.py:836] ++++++++++++++++++++++++++++++++++++++++++++++++++++++++++
27-07-2021:13:46:35 INFO     [snrfit.py:840] Iteration 59 for SNR233
27-07-2021:13:46:35 INFO     [snrfit.py:850] Image angular size = 1.000 [deg]
27-07-2021:13:46:35 INFO     [snrfit.py:860] Model path /home/jaiden/Documents/EoR/SNRs/models/SN233
27-07-2021:13:46:35 INFO     [snrfit.py:870] Model file SN233_model.fits already exists, moving on to the next SNR.
27-07-2021:13:46:35 INFO     [snrfit.py:836] ++++++++++++++++++++++++++++++++++++++++++++++++++++++++++
27-07-2021:13:46:35 INFO     [snrfit.py:840] Iteration 60 for SNR236
27-07-2021:13:46:35 INFO     [snrfit.py:850] Image angular size = 6.000 [deg]
27-07-2021:13:46:35 INFO     [snrfit.py:860] Model path /home/jaiden/Documents/EoR/SNRs/models/SN236
27-07-2021:13:46:35 INFO     [snrfit.py:870] Model file SN236_model.fits already exists, moving on to the next SNR.
27-07-2021:13:46:35 INFO     [snrfit.py:836] ++++++++++++++++++++++++++++++++++++++++++++++++++++++++++
27-07-2021:13:46:35 INFO     [snrfit.py:840] Iteration 61 for SNR241
27-07-2021:13:46:35 INFO     [snrfit.py:850] Image angular size = 1.167 [deg]
27-07-2021:13:46:35 INFO     [snrfit.py:860] Model path /home/jaiden/Documents/EoR/SNRs/models/SN241
27-07-2021:13:46:35 INFO     [snrfit.py:870] Model file SN241_model.fits already exists, moving on to the next SNR.
27-07-2021:13:46:35 INFO     [snrfit.py:836] ++++++++++++++++++++++++++++++++++++++++++++++++++++++++++
27-07-2021:13:46:35 INFO     [snrfit.py:840] Iteration 62 for SNR259
27-07-2021:13:46:35 INFO     [snrfit.py:850] Image angular size = 1.067 [deg]
27-07-2021:13:46:35 INFO     [snrfit.py:860] Model path /home/jaiden/Documents/EoR/SNRs/models/SN259
27-07-2021:13:46:35 INFO     [snrfit.py:870] Model file SN259_model.fits already exists, moving on to the next SNR.
27-07-2021:13:46:35 INFO     [snrfit.py:836] ++++++++++++++++++++++++++++++++++++++++++++++++++++++++++
27-07-2021:13:46:35 INFO     [snrfit.py:840] Iteration 63 for SNR260
27-07-2021:13:46:35 INFO     [snrfit.py:850] Image angular size = 0.900 [deg]
27-07-2021:13:46:35 INFO     [snrfit.py:860] Model path /home/jaiden/Documents/EoR/SNRs/models/SN260
27-07-2021:13:46:35 INFO     [snrfit.py:870] Model file SN260_model.fits already exists, moving on to the next SNR.
27-07-2021:13:46:35 INFO     [snrfit.py:836] ++++++++++++++++++++++++++++++++++++++++++++++++++++++++++
27-07-2021:13:46:35 INFO     [snrfit.py:840] Iteration 64 for SNR264
27-07-2021:13:46:35 INFO     [snrfit.py:850] Image angular size = 2.167 [deg]
27-07-2021:13:46:35 INFO     [snrfit.py:860] Model path /home/jaiden/Documents/EoR/SNRs/models/SN264
27-07-2021:13:46:35 INFO     [snrfit.py:870] Model file SN264_model.fits already exists, moving on to the next SNR.
27-07-2021:13:46:35 INFO     [snrfit.py:836] ++++++++++++++++++++++++++++++++++++++++++++++++++++++++++
27-07-2021:13:46:35 INFO     [snrfit.py:840] Iteration 65 for SNR270
27-07-2021:13:46:35 INFO     [snrfit.py:850] Image angular size = 1.500 [deg]
27-07-2021:13:46:35 INFO     [snrfit.py:860] Model path /home/jaiden/Documents/EoR/SNRs/models/SN270
27-07-2021:13:46:35 INFO     [snrfit.py:870] Model file SN270_model.fits already exists, moving on to the next SNR.
27-07-2021:13:46:35 INFO     [snrfit.py:836] ++++++++++++++++++++++++++++++++++++++++++++++++++++++++++
27-07-2021:13:46:35 INFO     [snrfit.py:840] Iteration 66 for SNR277
27-07-2021:13:46:35 INFO     [snrfit.py:850] Image angular size = 1.000 [deg]
27-07-2021:13:46:35 INFO     [snrfit.py:860] Model path /home/jaiden/Documents/EoR/SNRs/models/SN277
27-07-2021:13:46:35 INFO     [snrfit.py:870] Model file SN277_model.fits already exists, moving on to the next SNR.
27-07-2021:13:46:35 INFO     [snrfit.py:836] ++++++++++++++++++++++++++++++++++++++++++++++++++++++++++
27-07-2021:13:46:35 INFO     [snrfit.py:840] Iteration 67 for SNR281
27-07-2021:13:46:35 INFO     [snrfit.py:850] Image angular size = 0.833 [deg]
27-07-2021:13:46:35 INFO     [snrfit.py:860] Model path /home/jaiden/Documents/EoR/SNRs/models/SN281
27-07-2021:13:46:35 INFO     [snrfit.py:870] Model file SN281_model.fits already exists, moving on to the next SNR.
27-07-2021:13:46:35 INFO     [snrfit.py:836] ++++++++++++++++++++++++++++++++++++++++++++++++++++++++++
27-07-2021:13:46:35 INFO     [snrfit.py:840] Iteration 68 for SNR284
27-07-2021:13:46:35 INFO     [snrfit.py:850] Image angular size = 0.833 [deg]
27-07-2021:13:46:35 INFO     [snrfit.py:860] Model path /home/jaiden/Documents/EoR/SNRs/models/SN284
27-07-2021:13:46:35 INFO     [snrfit.py:870] Model file SN284_model.fits already exists, moving on to the next SNR.
27-07-2021:13:46:35 INFO     [snrfit.py:836] ++++++++++++++++++++++++++++++++++++++++++++++++++++++++++
27-07-2021:13:46:35 INFO     [snrfit.py:840] Iteration 69 for SNR288
27-07-2021:13:46:35 INFO     [snrfit.py:850] Image angular size = 0.800 [deg]
27-07-2021:13:46:35 INFO     [snrfit.py:860] Model path /home/jaiden/Documents/EoR/SNRs/models/SN288
27-07-2021:13:46:35 INFO     [snrfit.py:870] Model file SN288_model.fits already exists, moving on to the next SNR.
27-07-2021:13:46:35 INFO     [snrfit.py:836] ++++++++++++++++++++++++++++++++++++++++++++++++++++++++++
27-07-2021:13:46:35 INFO     [snrfit.py:840] Iteration 70 for SNR289
27-07-2021:13:46:35 INFO     [snrfit.py:850] Image angular size = 1.267 [deg]
27-07-2021:13:46:35 INFO     [snrfit.py:860] Model path /home/jaiden/Documents/EoR/SNRs/models/SN289
27-07-2021:13:46:35 INFO     [snrfit.py:870] Model file SN289_model.fits already exists, moving on to the next SNR.
27-07-2021:13:46:35 INFO     [snrfit.py:836] ++++++++++++++++++++++++++++++++++++++++++++++++++++++++++
27-07-2021:13:46:35 INFO     [snrfit.py:840] Iteration 71 for SNR292
27-07-2021:13:46:35 INFO     [snrfit.py:850] Image angular size = 0.767 [deg]
27-07-2021:13:46:35 INFO     [snrfit.py:860] Model path /home/jaiden/Documents/EoR/SNRs/models/SN292
27-07-2021:13:46:35 INFO     [snrfit.py:870] Model file SN292_model.fits already exists, moving on to the next SNR.
27-07-2021:13:46:35 INFO     [snrfit.py:836] ++++++++++++++++++++++++++++++++++++++++++++++++++++++++++
27-07-2021:13:46:35 INFO     [snrfit.py:840] Iteration 72 for SNR293
27-07-2021:13:46:35 INFO     [snrfit.py:850] Image angular size = 0.800 [deg]
27-07-2021:13:46:35 INFO     [snrfit.py:860] Model path /home/jaiden/Documents/EoR/SNRs/models/SN293
27-07-2021:13:46:35 INFO     [snrfit.py:870] Model file SN293_model.fits already exists, moving on to the next SNR.
27-07-2021:13:46:35 INFO     [snrfit.py:1219] Runtime = 284.174 [s]
